<?xml version="1.0" encoding="UTF-8" ?>
<testsuite failures="0" time="0.023" errors="0" skipped="0" tests="37" name="at.ac.uibk.dps.cloud.simulator.test.simple.cloud.VMTest">
  <properties>
[...]
</properties>
  <testcase time="0" classname="at.ac.uibk.dps.cloud.simulator.test.simple.cloud.VMTest" name="allocationHandlingCorrectness"/>
  <testcase time="0" classname="at.ac.uibk.dps.cloud.simulator.test.simple.cloud.VMTest" name="prepareOnlyTest"/>
  <testcase time="0.001" classname="at.ac.uibk.dps.cloud.simulator.test.simple.cloud.VMTest" name="migrationFailureandResume"/>
  <testcase time="0" classname="at.ac.uibk.dps.cloud.simulator.test.simple.cloud.VMTest" name="constructionTest"/>
  <testcase time="0.001" classname="at.ac.uibk.dps.cloud.simulator.test.simple.cloud.VMTest" name="faultyConstructionTest"/>
  <testcase time="0.002" classname="at.ac.uibk.dps.cloud.simulator.test.simple.cloud.VMTest" name="ensuringReleasewithDestroy"/>
  <testcase time="0" classname="at.ac.uibk.dps.cloud.simulator.test.simple.cloud.VMTest" name="nonServableTest"/>
  <testcase time="0.001" classname="at.ac.uibk.dps.cloud.simulator.test.simple.cloud.VMTest" name="suspendUseForOtherResume"/>
  <testcase time="0" classname="at.ac.uibk.dps.cloud.simulator.test.simple.cloud.VMTest" name="failMigrationProcedureAfterSuspendPhaseNoAvalableStorage"/>
  <testcase time="0.002" classname="at.ac.uibk.dps.cloud.simulator.test.simple.cloud.VMTest" name="doubleMigrationWithBgNWL"/>
  <testcase time="0.001" classname="at.ac.uibk.dps.cloud.simulator.test.simple.cloud.VMTest" name="startupAfterPrepare"/>
  <testcase time="0" classname="at.ac.uibk.dps.cloud.simulator.test.simple.cloud.VMTest" name="futureNotFauaultyResumeTest"/>
  <testcase time="0" classname="at.ac.uibk.dps.cloud.simulator.test.simple.cloud.VMTest" name="nullVATargetTest"/>
  <testcase time="0.001" classname="at.ac.uibk.dps.cloud.simulator.test.simple.cloud.VMTest" name="subscriptionTest"/>
  <testcase time="0" classname="at.ac.uibk.dps.cloud.simulator.test.simple.cloud.VMTest" name="faultyBgLoadVMStartup"/>
  <testcase time="0.001" classname="at.ac.uibk.dps.cloud.simulator.test.simple.cloud.VMTest" name="consumptionRejectionTest"/>
  <testcase time="0" classname="at.ac.uibk.dps.cloud.simulator.test.simple.cloud.VMTest" name="noFreeSpacePrepareTest"/>
  <testcase time="0.001" classname="at.ac.uibk.dps.cloud.simulator.test.simple.cloud.VMTest" name="taskKillingSwitchOff"/>
  <testcase time="0.001" classname="at.ac.uibk.dps.cloud.simulator.test.simple.cloud.VMTest" name="realFaultySuspendTest"/>
  <testcase time="0" classname="at.ac.uibk.dps.cloud.simulator.test.simple.cloud.VMTest" name="successfulSuspendResumeTest"/>
  <testcase time="0.001" classname="at.ac.uibk.dps.cloud.simulator.test.simple.cloud.VMTest" name="faultyStartupAfterPrepare"/>
  <testcase time="0.001" classname="at.ac.uibk.dps.cloud.simulator.test.simple.cloud.VMTest" name="failMigrationProcedureBeforeResumePhase"/>
  <testcase time="0" classname="at.ac.uibk.dps.cloud.simulator.test.simple.cloud.VMTest" name="simpleVMStartup"/>
  <testcase time="0.001" classname="at.ac.uibk.dps.cloud.simulator.test.simple.cloud.VMTest" name="futureNotFaultySuspendTest"/>
  <testcase time="0" classname="at.ac.uibk.dps.cloud.simulator.test.simple.cloud.VMTest" name="doubleNullPrepareTest"/>
  <testcase time="0.001" classname="at.ac.uibk.dps.cloud.simulator.test.simple.cloud.VMTest" name="newConsumptionRejectionTest"/>
  <testcase time="0" classname="at.ac.uibk.dps.cloud.simulator.test.simple.cloud.VMTest" name="bgLoadVMStatrup"/>
  <testcase time="0.001" classname="at.ac.uibk.dps.cloud.simulator.test.simple.cloud.VMTest" name="migrationFailureandRetry"/>
  <testcase time="0.001" classname="at.ac.uibk.dps.cloud.simulator.test.simple.cloud.VMTest" name="simpleMigrationWithBgNWL"/>
  <testcase time="0.001" classname="at.ac.uibk.dps.cloud.simulator.test.simple.cloud.VMTest" name="failMigrationProcedureAfterSuspendPhaseLittleAvalableStorage"/>
  <testcase time="0" classname="at.ac.uibk.dps.cloud.simulator.test.simple.cloud.VMTest" name="successfulSuspendResumeTestWithBGLoad"/>
  <testcase time="0" classname="at.ac.uibk.dps.cloud.simulator.test.simple.cloud.VMTest" name="migrationAfterSuspend"/>
  <testcase time="0.001" classname="at.ac.uibk.dps.cloud.simulator.test.simple.cloud.VMTest" name="simpleMigration"/>
  <testcase time="0.001" classname="at.ac.uibk.dps.cloud.simulator.test.simple.cloud.VMTest" name="consumptionBlocking"/>
  <testcase time="0.001" classname="at.ac.uibk.dps.cloud.simulator.test.simple.cloud.VMTest" name="doubleMigration"/>
  <testcase time="0" classname="at.ac.uibk.dps.cloud.simulator.test.simple.cloud.VMTest" name="failingSwitchOff"/>
  <testcase time="0.001" classname="at.ac.uibk.dps.cloud.simulator.test.simple.cloud.VMTest" name="errenousAllocationRequest"/>
</testsuite>